2025-04-15 11:31:35,730 - INFO - Starting TAT-C HTTP server... Log file is initialized.
2025-04-15 11:31:35,746 - INFO - Connected to MQTT Broker!
2025-04-15 11:32:21,908 - DEBUG - Processing architecture ID: 0
2025-04-15 11:32:21,908 - DEBUG - Function to execute: AccessResponse
2025-04-15 11:32:21,909 - DEBUG - Executing function: AccessResponse
2025-04-15 11:34:05,766 - ERROR - Error processing request: module 'propcov' has no attribute 'AbsoluteDate'
2025-04-15 11:34:12,139 - ERROR - Exception details:
Traceback (most recent call last):
  File "/root/instrupy_orbitpy/orbitpy/http_manager_orbitpy.py", line 145, in handle_request
    result_data = evaluator.execute_function(function_name, architecture)
                  ^^^^^^^^^^^^^^^^^^^^^^^^^^^^^^^^^^^^^^^^^^^^^^^^^^^^^^^
  File "/root/instrupy_orbitpy/orbitpy/http_manager_orbitpy.py", line 112, in execute_function
    result = function(architecture)
             ^^^^^^^^^^^^^^^^^^^^^^
  File "/root/instrupy_orbitpy/orbitpy/orbitpy/orbitpy_manager.py", line 410, in perform_access_response
    access_response = access_orbitpy(request)
                      ^^^^^^^^^^^^^^^^^^^^^^^
  File "/root/instrupy_orbitpy/orbitpy/orbitpy/orbitpy_manager.py", line 226, in access_orbitpy
    orbit_state = OrbitPy_OrbitState.from_dict(
                  ^^^^^^^^^^^^^^^^^^^^^^^^^^^^^
  File "/root/instrupy_orbitpy/orbitpy/orbitpy/util.py", line 90, in from_dict
    (date, state, tle) = OrbitState.from_tle(d.get("tle"))
                         ^^^^^^^^^^^^^^^^^^^^^^^^^^^^^^^^^
  File "/root/instrupy_orbitpy/orbitpy/orbitpy/util.py", line 259, in from_tle
    date = propcov.AbsoluteDate()
           ^^^^^^^^^^^^^^^^^^^^
AttributeError: module 'propcov' has no attribute 'AbsoluteDate'
