2025-04-15 13:12:05,196 - INFO - Starting TAT-C HTTP server... Log file is initialized.
2025-04-15 13:12:05,215 - INFO - Connected to MQTT Broker!
2025-04-15 13:12:29,447 - DEBUG - Processing architecture ID: 0
2025-04-15 13:12:29,448 - DEBUG - Function to execute: AccessResponse
2025-04-15 13:12:29,448 - DEBUG - Executing function: AccessResponse
2025-04-15 13:13:26,759 - ERROR - Error processing request: 'NoneType' object has no attribute 'get_id'
2025-04-15 13:13:26,760 - ERROR - Exception details:
Traceback (most recent call last):
  File "/root/instrupy_orbitpy/orbitpy/http_manager_orbitpy.py", line 145, in handle_request
    result_data = evaluator.execute_function(function_name, architecture)
                  ^^^^^^^^^^^^^^^^^^^^^^^^^^^^^^^^^^^^^^^^^^^^^^^^^^^^^^^
  File "/root/instrupy_orbitpy/orbitpy/http_manager_orbitpy.py", line 112, in execute_function
    result = function(architecture)
             ^^^^^^^^^^^^^^^^^^^^^^
  File "/root/instrupy_orbitpy/orbitpy/orbitpy/orbitpy_manager.py", line 489, in perform_access_response
    access_response = access_orbitpy(request)
                      ^^^^^^^^^^^^^^^^^^^^^^^
  File "/root/instrupy_orbitpy/orbitpy/orbitpy/orbitpy_manager.py", line 425, in access_orbitpy
    instru_id = orbitpy_sat.get_instrument().get_id()
                ^^^^^^^^^^^^^^^^^^^^^^^^^^^^^^^^^^^
AttributeError: 'NoneType' object has no attribute 'get_id'
