2025-04-15 12:26:24,273 - INFO - Starting TAT-C HTTP server... Log file is initialized.
2025-04-15 12:26:24,280 - INFO - Connected to MQTT Broker!
2025-04-15 12:27:06,591 - DEBUG - Processing architecture ID: 0
2025-04-15 12:27:06,591 - DEBUG - Function to execute: AccessResponse
2025-04-15 12:27:06,592 - DEBUG - Executing function: AccessResponse
2025-04-15 12:27:06,656 - ERROR - Error processing request: 'NoneType' object has no attribute 'orientation'
2025-04-15 12:27:06,657 - ERROR - Exception details:
Traceback (most recent call last):
  File "/root/instrupy_orbitpy/orbitpy/http_manager_orbitpy.py", line 145, in handle_request
    result_data = evaluator.execute_function(function_name, architecture)
                  ^^^^^^^^^^^^^^^^^^^^^^^^^^^^^^^^^^^^^^^^^^^^^^^^^^^^^^^
  File "/root/instrupy_orbitpy/orbitpy/http_manager_orbitpy.py", line 112, in execute_function
    result = function(architecture)
             ^^^^^^^^^^^^^^^^^^^^^^
  File "/root/instrupy_orbitpy/orbitpy/orbitpy/orbitpy_manager.py", line 410, in perform_access_response
    access_response = access_orbitpy(request)
                      ^^^^^^^^^^^^^^^^^^^^^^^
  File "/root/instrupy_orbitpy/orbitpy/orbitpy/orbitpy_manager.py", line 238, in access_orbitpy
    or satellite.satellite_bus.orientation
       ^^^^^^^^^^^^^^^^^^^^^^^^^^^^^^^^^^^
AttributeError: 'NoneType' object has no attribute 'orientation'
