2024-10-29 11:27:29,141 - INFO - Starting InstruPy MQTT client... Log file is initialized.
2024-10-29 11:27:29,148 - INFO - Connected to MQTT Broker!
2024-10-29 11:27:29,148 - INFO - Subscribed to topic: evaluators/InstruPy/InstrumentPerformance
2024-10-29 11:27:44,559 - DEBUG - Message received on topic evaluators/InstruPy/InstrumentPerformance: {"workflow_id":"c79edaa3-e16e-460d-9bef-9589d4423dd8","result_topic":"TSE","metric":"InstrumentScore","function":"InstrumentPerformance","architecture":{"@type":"Architecture","spaceSegment":[{"satellites":[{"techReadinessLevel":9,"acronym":"MicroMAS-2","@type":"Satellite","commBand":["X"],"mass":4,"stabilizationType":"AXIS_3","volume":0.003,"isGroundCommand":true,"payload":[{"scanTechnique":"PUSHBROOM","techReadinessLevel":9,"@type":"Passive Optical Scanner","mass":1,"numberOfDetectorsColsCrossTrack":[4096,6144,8192],"numberOfDetectorsRowsAlongTrack":1,"dataRate":384,"quantumEff":0.9,"mountType":"BODY","opticsSysEff":0.8,"detectorWidth":[0.00002,0.000036,0.00005],"power":1,"Fnum":6.4,"orientation":{"convention":"SIDE_LOOK","sideLookAngle":0,"@type":"Orientation"},"numOfReadOutE":20,"bandwidth":6.5E-8,"acronym":"Landsat 10 Blue Band","bitsPerPixel":12,"snrThreshold":25,"volume":0.0001,"apertureDia":[0.1,0.132,0.15],"maxDetectorExposureTime":0.0036,"operatingWavelength":4.85E-7,"fieldOfView":{"sensorGeometry":"RECTANGULAR","@type":"FieldOfView","fullConeAngle":30,"crossTrackFieldOfView":114,"alongTrackFieldOfView":40},"name":"Landsat 10 Blue Band","targetBlackBodyTemp":290,"focalLength":[0.7,0.8451,1]}],"propellantType":"MONO_PROP","name":"MicroMAS-2","dryMass":2.5,"@id":"sat-0","power":9.1,"orbit":{"inclination":0,"periapsisArgument":0,"@type":"Orbit","semimajorAxis":7078.14,"orbitType":"KEPLERIAN","eccentricity":0,"rightAscensionAscendingNode":0,"trueAnomaly":0,"epoch":"2019-08-01T00:00:00Z"},"isSpare":false},{"techReadinessLevel":9,"acronym":"MicroMAS-2","@type":"Satellite","commBand":["X"],"mass":4,"stabilizationType":"AXIS_3","volume":0.003,"isGroundCommand":true,"payload":[{"scanTechnique":"PUSHBROOM","techReadinessLevel":9,"@type":"Passive Optical Scanner","mass":1,"numberOfDetectorsColsCrossTrack":[4096,6144,8192],"numberOfDetectorsRowsAlongTrack":1,"dataRate":384,"quantumEff":0.9,"mountType":"BODY","opticsSysEff":0.8,"detectorWidth":[0.00002,0.000036,0.00005],"power":1,"Fnum":6.4,"orientation":{"convention":"SIDE_LOOK","sideLookAngle":0,"@type":"Orientation"},"numOfReadOutE":20,"bandwidth":6.5E-8,"acronym":"Landsat 10 Blue Band","bitsPerPixel":12,"snrThreshold":25,"volume":0.0001,"apertureDia":[0.1,0.132,0.15],"maxDetectorExposureTime":0.0036,"operatingWavelength":4.85E-7,"fieldOfView":{"sensorGeometry":"RECTANGULAR","@type":"FieldOfView","fullConeAngle":30,"crossTrackFieldOfView":114,"alongTrackFieldOfView":40},"name":"Landsat 10 Blue Band","targetBlackBodyTemp":290,"focalLength":[0.7,0.8451,1]}],"propellantType":"MONO_PROP","name":"MicroMAS-2","dryMass":2.5,"@id":"sat-1","power":9.1,"orbit":{"inclination":0,"periapsisArgument":0,"@type":"Orbit","semimajorAxis":7078.14,"orbitType":"KEPLERIAN","eccentricity":0,"rightAscensionAscendingNode":0,"trueAnomaly":180,"epoch":"2019-08-01T00:00:00Z"},"isSpare":false}],"numberPlanes":1,"numberSatellites":2,"@type":"Constellation","constellationType":"DELTA_HOMOGENEOUS","@id":"con-0","relativeSpacing":0}],"@id":"arch-0","groundSegment":[{"acronym":"TROPICS GN","@type":"GroundNetwork","name":"TROPICS ground network","numberStations":1,"groundStations":[{"elevation":1570,"agency":{"@type":"Agency","agencyType":"GOVERNMENT"},"acronym":"Wallops","@type":"GroundStation","commBand":["UHF"],"latitude":37.940194,"name":"Wallops","@id":"gs-0","longitude":-75.466389}]}]},"dependencies":{"InstrumentPerformance":{"level":3,"dependencies":{"AccessResponse":"evaluators/TATC/AccessResponse","OrbitPropagation":"evaluators/TATC/OrbitPropagation"}}}}
2024-10-29 11:27:44,563 - DEBUG - Processing request for workflow ID: c79edaa3-e16e-460d-9bef-9589d4423dd8
2024-10-29 11:27:44,563 - DEBUG - Function to execute: InstrumentPerformance
2024-10-29 11:27:51,328 - DEBUG - Executing function: InstrumentPerformance
2024-10-29 11:27:51,329 - DEBUG - Requesting dependency AccessResponse from evaluators/TATC/AccessResponse
2024-10-29 11:31:13,244 - WARNING - Unexpected disconnection from MQTT Broker. Return code: 7
2024-10-29 11:31:14,876 - ERROR - Error requesting dependency AccessResponse: Invalid URL 'evaluators/TATC/AccessResponse': No scheme supplied. Perhaps you meant https://evaluators/TATC/AccessResponse?
2024-10-29 11:31:15,699 - ERROR - Exception details:
Traceback (most recent call last):
  File "/root/instrupy/http_manager.py", line 193, in execute_function
    response = requests.post(dependency_url, json=request_payload)
  File "/root/anaconda3/envs/foo/lib/python3.8/site-packages/requests/api.py", line 115, in post
    return request("post", url, data=data, json=json, **kwargs)
  File "/root/anaconda3/envs/foo/lib/python3.8/site-packages/requests/api.py", line 59, in request
    return session.request(method=method, url=url, **kwargs)
  File "/root/anaconda3/envs/foo/lib/python3.8/site-packages/requests/sessions.py", line 575, in request
    prep = self.prepare_request(req)
  File "/root/anaconda3/envs/foo/lib/python3.8/site-packages/requests/sessions.py", line 484, in prepare_request
    p.prepare(
  File "/root/anaconda3/envs/foo/lib/python3.8/site-packages/requests/models.py", line 367, in prepare
    self.prepare_url(url, params)
  File "/root/anaconda3/envs/foo/lib/python3.8/site-packages/requests/models.py", line 438, in prepare_url
    raise MissingSchema(
requests.exceptions.MissingSchema: Invalid URL 'evaluators/TATC/AccessResponse': No scheme supplied. Perhaps you meant https://evaluators/TATC/AccessResponse?
